Determining if the pthread_create exist failed with the following output:
Change Dir: /home/user/Documents/MCMC/ThirdParty/gmock-1.6.0/build/CMakeFiles/CMakeTmp

Run Build Command:/usr/bin/gmake "cmTryCompileExec545056805/fast"
/usr/bin/gmake -f CMakeFiles/cmTryCompileExec545056805.dir/build.make CMakeFiles/cmTryCompileExec545056805.dir/build
gmake[1]: Entering directory `/home/user/Documents/MCMC/ThirdParty/gmock-1.6.0/build/CMakeFiles/CMakeTmp'
/usr/bin/cmake -E cmake_progress_report /home/user/Documents/MCMC/ThirdParty/gmock-1.6.0/build/CMakeFiles/CMakeTmp/CMakeFiles 1
Building C object CMakeFiles/cmTryCompileExec545056805.dir/CheckSymbolExists.c.o
/usr/bin/cc    -o CMakeFiles/cmTryCompileExec545056805.dir/CheckSymbolExists.c.o   -c /home/user/Documents/MCMC/ThirdParty/gmock-1.6.0/build/CMakeFiles/CMakeTmp/CheckSymbolExists.c
Linking C executable cmTryCompileExec545056805
/usr/bin/cmake -E cmake_link_script CMakeFiles/cmTryCompileExec545056805.dir/link.txt --verbose=1
/usr/bin/cc       CMakeFiles/cmTryCompileExec545056805.dir/CheckSymbolExists.c.o  -o cmTryCompileExec545056805 -rdynamic 
CMakeFiles/cmTryCompileExec545056805.dir/CheckSymbolExists.c.o: In function `main':
CheckSymbolExists.c:(.text+0xc): undefined reference to `pthread_create'
collect2: ld returned 1 exit status
gmake[1]: Leaving directory `/home/user/Documents/MCMC/ThirdParty/gmock-1.6.0/build/CMakeFiles/CMakeTmp'
gmake[1]: *** [cmTryCompileExec545056805] Error 1
gmake: *** [cmTryCompileExec545056805/fast] Error 2

File /home/user/Documents/MCMC/ThirdParty/gmock-1.6.0/build/CMakeFiles/CMakeTmp/CheckSymbolExists.c:
/* */
#include <pthread.h>

int main(int argc, char** argv)
{
  (void)argv;
#ifndef pthread_create
  return ((int*)(&pthread_create))[argc];
#else
  (void)argc;
  return 0;
#endif
}

Determining if the function pthread_create exists in the pthreads failed with the following output:
Change Dir: /home/user/Documents/MCMC/ThirdParty/gmock-1.6.0/build/CMakeFiles/CMakeTmp

Run Build Command:/usr/bin/gmake "cmTryCompileExec1793891592/fast"
/usr/bin/gmake -f CMakeFiles/cmTryCompileExec1793891592.dir/build.make CMakeFiles/cmTryCompileExec1793891592.dir/build
gmake[1]: Entering directory `/home/user/Documents/MCMC/ThirdParty/gmock-1.6.0/build/CMakeFiles/CMakeTmp'
/usr/bin/cmake -E cmake_progress_report /home/user/Documents/MCMC/ThirdParty/gmock-1.6.0/build/CMakeFiles/CMakeTmp/CMakeFiles 1
Building C object CMakeFiles/cmTryCompileExec1793891592.dir/CheckFunctionExists.c.o
/usr/bin/cc   -DCHECK_FUNCTION_EXISTS=pthread_create   -o CMakeFiles/cmTryCompileExec1793891592.dir/CheckFunctionExists.c.o   -c /usr/share/cmake/Modules/CheckFunctionExists.c
Linking C executable cmTryCompileExec1793891592
/usr/bin/cmake -E cmake_link_script CMakeFiles/cmTryCompileExec1793891592.dir/link.txt --verbose=1
/usr/bin/cc   -DCHECK_FUNCTION_EXISTS=pthread_create    CMakeFiles/cmTryCompileExec1793891592.dir/CheckFunctionExists.c.o  -o cmTryCompileExec1793891592 -rdynamic -lpthreads 
/usr/bin/ld: cannot find -lpthreads
collect2: ld returned 1 exit status
gmake[1]: Leaving directory `/home/user/Documents/MCMC/ThirdParty/gmock-1.6.0/build/CMakeFiles/CMakeTmp'
gmake[1]: *** [cmTryCompileExec1793891592] Error 1
gmake: *** [cmTryCompileExec1793891592/fast] Error 2


